c:\users\metagross\documents\game-theory\gametheory\td_tourney\td_tourney\debug\vc141.pdb
c:\users\metagross\documents\game-theory\gametheory\td_tourney\td_tourney\debug\vc141.idb
c:\users\metagross\documents\game-theory\gametheory\td_tourney\td_tourney\debug\zeuthen.obj
c:\users\metagross\documents\game-theory\gametheory\td_tourney\td_tourney\debug\buckets.obj
c:\users\metagross\documents\game-theory\gametheory\td_tourney\td_tourney\debug\traveler.obj
c:\users\metagross\documents\game-theory\gametheory\td_tourney\td_tourney\debug\tournament.obj
c:\users\metagross\documents\game-theory\gametheory\td_tourney\td_tourney\debug\tft_simple.obj
c:\users\metagross\documents\game-theory\gametheory\td_tourney\td_tourney\debug\tft_predict.obj
c:\users\metagross\documents\game-theory\gametheory\td_tourney\td_tourney\debug\simple_trend_tweak.obj
c:\users\metagross\documents\game-theory\gametheory\td_tourney\td_tourney\debug\simple_trend_new.obj
c:\users\metagross\documents\game-theory\gametheory\td_tourney\td_tourney\debug\simple_trend.obj
c:\users\metagross\documents\game-theory\gametheory\td_tourney\td_tourney\debug\random.obj
c:\users\metagross\documents\game-theory\gametheory\td_tourney\td_tourney\debug\qlearning.obj
c:\users\metagross\documents\game-theory\gametheory\td_tourney\td_tourney\debug\mixed.obj
c:\users\metagross\documents\game-theory\gametheory\td_tourney\td_tourney\debug\main.obj
c:\users\metagross\documents\game-theory\gametheory\td_tourney\td_tourney\debug\always.obj
c:\users\metagross\documents\game-theory\gametheory\td_tourney\debug\td_tourney.exe
c:\users\metagross\documents\game-theory\gametheory\td_tourney\debug\td_tourney.ilk
c:\users\metagross\documents\game-theory\gametheory\td_tourney\debug\td_tourney.pdb
c:\users\metagross\documents\game-theory\gametheory\td_tourney\td_tourney\debug\td_tourney.tlog\cl.command.1.tlog
c:\users\metagross\documents\game-theory\gametheory\td_tourney\td_tourney\debug\td_tourney.tlog\cl.read.1.tlog
c:\users\metagross\documents\game-theory\gametheory\td_tourney\td_tourney\debug\td_tourney.tlog\cl.write.1.tlog
c:\users\metagross\documents\game-theory\gametheory\td_tourney\td_tourney\debug\td_tourney.tlog\link.command.1.tlog
c:\users\metagross\documents\game-theory\gametheory\td_tourney\td_tourney\debug\td_tourney.tlog\link.read.1.tlog
c:\users\metagross\documents\game-theory\gametheory\td_tourney\td_tourney\debug\td_tourney.tlog\link.write.1.tlog
